Name                                      Stmts   Miss  Cover   Missing
-----------------------------------------------------------------------
etl_flight_data/modules/airports.py          34      0   100%
etl_flight_data/modules/countries.py         20      0   100%
etl_flight_data/modules/routes.py            47      0   100%
etl_flight_data/tests/airports_test.py       20      0   100%
etl_flight_data/tests/countries_test.py      47      0   100%
etl_flight_data/tests/routes_test.py         38      0   100%
-----------------------------------------------------------------------
TOTAL                                       206      0   100%
